生成启动时间为 2023/8/24 0:36:32。
     1>项目“C:\Users\vanpersie\Documents\Visual Studio 2012\Projects\Win32\CGame飞机大战\CGame飞机大战\CGame飞机大战.vcxproj”在节点 2 上(Build 个目标)。
     1>ClCompile:
         C:\Program Files (x86)\Microsoft Visual Studio 11.0\VC\bin\CL.exe /c /ZI /nologo /W3 /WX- /Od /Oy- /D WIN32 /D _DEBUG /D _WINDOWS /D _MBCS /Gm /EHsc /RTC1 /MDd /GS /fp:precise /Zc:wchar_t /Zc:forScope /Fo"Debug\\" /Fd"Debug\vc110.pdb" /Gd /TP /analyze- /errorReport:prompt FoePlane.cpp FoePlaneBox.cpp PlaneApp.cpp Player.cpp WinMain.cpp
         正在跳过...(未检测到相关更改)
         WinMain.cpp
         Player.cpp
         PlaneApp.cpp
         FoePlaneBox.cpp
         FoePlane.cpp
       Link:
         C:\Program Files (x86)\Microsoft Visual Studio 11.0\VC\bin\link.exe /ERRORREPORT:PROMPT /OUT:"C:\Users\vanpersie\Documents\Visual Studio 2012\Projects\Win32\CGame飞机大战\Debug\CGame飞机大战.exe" /INCREMENTAL /NOLOGO kernel32.lib user32.lib gdi32.lib winspool.lib comdlg32.lib advapi32.lib shell32.lib ole32.lib oleaut32.lib uuid.lib odbc32.lib odbccp32.lib /MANIFEST /MANIFESTUAC:"level='asInvoker' uiAccess='false'" /manifest:embed /DEBUG /PDB:"C:\Users\vanpersie\Documents\Visual Studio 2012\Projects\Win32\CGame飞机大战\Debug\CGame飞机大战.pdb" /SUBSYSTEM:WINDOWS /TLBID:1 /DYNAMICBASE /NXCOMPAT /IMPLIB:"C:\Users\vanpersie\Documents\Visual Studio 2012\Projects\Win32\CGame飞机大战\Debug\CGame飞机大战.lib" /MACHINE:X86 "Debug\CGame飞机大战.res"
         Debug\Back.obj
         Debug\BigFoePlane.obj
         Debug\BlastFoePlaneBox.obj
         Debug\FoePlane.obj
         Debug\FoePlaneBox.obj
         Debug\Gunner.obj
         Debug\GunnerBox.obj
         Debug\MidFoePlane.obj
         Debug\PlaneApp.obj
         Debug\Player.obj
         Debug\SmallFoePlane.obj
         Debug\WinMain.obj
         CGame飞机大战.vcxproj -> C:\Users\vanpersie\Documents\Visual Studio 2012\Projects\Win32\CGame飞机大战\Debug\CGame飞机大战.exe
     1>已完成生成项目“C:\Users\vanpersie\Documents\Visual Studio 2012\Projects\Win32\CGame飞机大战\CGame飞机大战\CGame飞机大战.vcxproj”(Build 个目标)的操作。

生成成功。

已用时间 00:00:01.37
